<?xml version="1.0" encoding="UTF-8"?>
<!-- Generated by org.testng.reporters.JUnitReportReporter -->
<testsuite hostname="DESKTOP-E62737P" failures="0" tests="1" name="test.onlineshopping.Testcase1" time="19.537" errors="0" timestamp="08 Aug 2018 17:37:18 GMT" skipped="0">
  <testcase classname="test.onlineshopping.Testcase1" name="openMyBlog" time="19.537"/>
</testsuite> <!-- test.onlineshopping.Testcase1 -->
