<?xml version="1.0" encoding="UTF-8"?>
<!-- Generated by org.testng.reporters.JUnitReportReporter -->
<testsuite hostname="DESKTOP-E62737P" failures="0" tests="1" name="test.onlineshopping.IdLocatorExample" time="13.676" errors="0" timestamp="22 Jul 2018 22:24:48 GMT" skipped="0">
  <testcase classname="test.onlineshopping.IdLocatorExample" name="display1" time="13.676"/>
</testsuite> <!-- test.onlineshopping.IdLocatorExample -->
