<?xml version="1.0" encoding="UTF-8"?>
<!-- Generated by org.testng.reporters.JUnitReportReporter -->
<testsuite hostname="DESKTOP-E62737P" failures="0" tests="1" name="test.onlineshopping.IdLocatorExample" time="12.493" errors="0" timestamp="08 Aug 2018 23:03:07 GMT" skipped="0">
  <testcase classname="test.onlineshopping.IdLocatorExample" name="display1" time="12.493"/>
</testsuite> <!-- test.onlineshopping.IdLocatorExample -->
